2025-06-09 09:07:44,865 - INFO - PREFIX: init-stock
2025-06-09 09:07:44,865 - INFO - Number of files: 7225
2025-06-09 09:07:44,865 - INFO - Mean: 263.68 KB
2025-06-09 09:07:44,865 - INFO - Standard Deviation: 220.38 KB
2025-06-09 09:07:44,865 - INFO - Maximum: 769.66 KB
2025-06-09 09:07:44,865 - INFO - Minimum: 70.0 B
2025-06-09 09:07:46,959 - INFO - PREFIX: stock-adjust
2025-06-09 09:07:46,959 - INFO - Number of files: 2293
2025-06-09 09:07:46,959 - INFO - Mean: 2.36 KB
2025-06-09 09:07:46,959 - INFO - Standard Deviation: 3.45 KB
2025-06-09 09:07:46,959 - INFO - Maximum: 26.98 KB
2025-06-09 09:07:46,959 - INFO - Minimum: 20.0 B
2025-06-09 09:07:48,589 - INFO - PREFIX: centerstock
2025-06-09 09:07:48,589 - INFO - Number of files: 180
2025-06-09 09:07:48,589 - INFO - Mean: 3.01 KB
2025-06-09 09:07:48,589 - INFO - Standard Deviation: 5.8 KB
2025-06-09 09:07:48,589 - INFO - Maximum: 26.36 KB
2025-06-09 09:07:48,589 - INFO - Minimum: 75.0 B
2025-06-09 09:07:51,177 - INFO - PREFIX: purchase
2025-06-09 09:07:51,177 - INFO - Number of files: 9999
2025-06-09 09:07:51,177 - INFO - Mean: 755.86 KB
2025-06-09 09:07:51,177 - INFO - Standard Deviation: 946.93 KB
2025-06-09 09:07:51,177 - INFO - Maximum: 10.28 MB
2025-06-09 09:07:51,177 - INFO - Minimum: 104.0 B
2025-06-09 09:07:53,048 - INFO - PREFIX: stocktaking
2025-06-09 09:07:53,048 - INFO - Number of files: 1299
2025-06-09 09:07:53,048 - INFO - Mean: 39.68 KB
2025-06-09 09:07:53,049 - INFO - Standard Deviation: 89.97 KB
2025-06-09 09:07:53,049 - INFO - Maximum: 406.58 KB
2025-06-09 09:07:53,049 - INFO - Minimum: 80.0 B
2025-06-09 09:07:55,242 - INFO - PREFIX: asn
2025-06-09 09:07:55,242 - INFO - Number of files: 3340
2025-06-09 09:07:55,242 - INFO - Mean: 34.71 KB
2025-06-09 09:07:55,242 - INFO - Standard Deviation: 64.63 KB
2025-06-09 09:07:55,242 - INFO - Maximum: 429.93 KB
2025-06-09 09:07:55,242 - INFO - Minimum: 20.0 B
2025-06-09 09:07:57,101 - INFO - PREFIX: order
2025-06-09 09:07:57,101 - INFO - Number of files: 1687
2025-06-09 09:07:57,101 - INFO - Mean: 90.94 KB
2025-06-09 09:07:57,101 - INFO - Standard Deviation: 136.17 KB
2025-06-09 09:07:57,101 - INFO - Maximum: 818.06 KB
2025-06-09 09:07:57,101 - INFO - Minimum: 20.0 B
2025-06-09 09:07:58,951 - INFO - PREFIX: lomos
2025-06-09 09:07:58,951 - INFO - Number of files: 1871
2025-06-09 09:07:58,951 - INFO - Mean: 44.06 KB
2025-06-09 09:07:58,951 - INFO - Standard Deviation: 87.91 KB
2025-06-09 09:07:58,951 - INFO - Maximum: 528.78 KB
2025-06-09 09:07:58,951 - INFO - Minimum: 20.0 B
2025-06-09 09:08:00,858 - INFO - PREFIX: fresh-plan
2025-06-09 09:08:00,858 - INFO - Number of files: 1816
2025-06-09 09:08:00,858 - INFO - Mean: 6.0 KB
2025-06-09 09:08:00,858 - INFO - Standard Deviation: 9.94 KB
2025-06-09 09:08:00,858 - INFO - Maximum: 45.24 KB
2025-06-09 09:08:00,858 - INFO - Minimum: 20.0 B
2025-06-09 09:08:02,839 - INFO - PREFIX: fresh-label
2025-06-09 09:08:02,839 - INFO - Number of files: 3526
2025-06-09 09:08:02,839 - INFO - Mean: 11.65 KB
2025-06-09 09:08:02,839 - INFO - Standard Deviation: 16.4 KB
2025-06-09 09:08:02,839 - INFO - Maximum: 105.83 KB
2025-06-09 09:08:02,839 - INFO - Minimum: 20.0 B
2025-06-09 09:08:05,885 - INFO - PREFIX: sales
2025-06-09 09:08:05,885 - INFO - Number of files: 9999
2025-06-09 09:08:05,885 - INFO - Mean: 6.22 KB
2025-06-09 09:08:05,885 - INFO - Standard Deviation: 7.18 KB
2025-06-09 09:08:05,885 - INFO - Maximum: 293.13 KB
2025-06-09 09:08:05,885 - INFO - Minimum: 8.0 B
2025-06-09 09:08:08,012 - INFO - PREFIX: ec-sales
2025-06-09 09:08:08,013 - INFO - Number of files: 85
2025-06-09 09:08:08,013 - INFO - Mean: 91.87 KB
2025-06-09 09:08:08,013 - INFO - Standard Deviation: 123.62 KB
2025-06-09 09:08:08,013 - INFO - Maximum: 756.5 KB
2025-06-09 09:08:08,013 - INFO - Minimum: 9.0 B
2025-06-09 13:30:11,889 - INFO - PREFIX: init-stock
2025-06-09 13:30:11,889 - INFO - Number of files: 7225
2025-06-09 13:30:11,890 - INFO - Mean: 263.68 KB
2025-06-09 13:30:11,890 - INFO - Standard Deviation: 220.38 KB
2025-06-09 13:30:11,890 - INFO - Maximum: 769.66 KB
2025-06-09 13:30:11,890 - INFO - Minimum: 70.0 B
2025-06-09 13:30:14,143 - INFO - PREFIX: stock-adjust
2025-06-09 13:30:14,143 - INFO - Number of files: 2293
2025-06-09 13:30:14,143 - INFO - Mean: 2.36 KB
2025-06-09 13:30:14,143 - INFO - Standard Deviation: 3.45 KB
2025-06-09 13:30:14,143 - INFO - Maximum: 26.98 KB
2025-06-09 13:30:14,143 - INFO - Minimum: 20.0 B
2025-06-09 13:30:15,944 - INFO - PREFIX: centerstock
2025-06-09 13:30:15,945 - INFO - Number of files: 180
2025-06-09 13:30:15,945 - INFO - Mean: 3.01 KB
2025-06-09 13:30:15,945 - INFO - Standard Deviation: 5.8 KB
2025-06-09 13:30:15,945 - INFO - Maximum: 26.36 KB
2025-06-09 13:30:15,945 - INFO - Minimum: 75.0 B
2025-06-09 13:30:18,858 - INFO - PREFIX: purchase
2025-06-09 13:30:18,858 - INFO - Number of files: 9999
2025-06-09 13:30:18,858 - INFO - Mean: 755.86 KB
2025-06-09 13:30:18,858 - INFO - Standard Deviation: 946.93 KB
2025-06-09 13:30:18,858 - INFO - Maximum: 10.28 MB
2025-06-09 13:30:18,858 - INFO - Minimum: 104.0 B
2025-06-09 13:30:20,848 - INFO - PREFIX: stocktaking
2025-06-09 13:30:20,849 - INFO - Number of files: 1299
2025-06-09 13:30:20,849 - INFO - Mean: 39.68 KB
2025-06-09 13:30:20,849 - INFO - Standard Deviation: 89.97 KB
2025-06-09 13:30:20,849 - INFO - Maximum: 406.58 KB
2025-06-09 13:30:20,849 - INFO - Minimum: 80.0 B
2025-06-09 13:30:23,118 - INFO - PREFIX: asn
2025-06-09 13:30:23,118 - INFO - Number of files: 3340
2025-06-09 13:30:23,118 - INFO - Mean: 34.71 KB
2025-06-09 13:30:23,118 - INFO - Standard Deviation: 64.63 KB
2025-06-09 13:30:23,118 - INFO - Maximum: 429.93 KB
2025-06-09 13:30:23,118 - INFO - Minimum: 20.0 B
2025-06-09 13:30:25,113 - INFO - PREFIX: order
2025-06-09 13:30:25,113 - INFO - Number of files: 1687
2025-06-09 13:30:25,113 - INFO - Mean: 90.94 KB
2025-06-09 13:30:25,113 - INFO - Standard Deviation: 136.17 KB
2025-06-09 13:30:25,113 - INFO - Maximum: 818.06 KB
2025-06-09 13:30:25,113 - INFO - Minimum: 20.0 B
2025-06-09 13:30:27,078 - INFO - PREFIX: lomos
2025-06-09 13:30:27,078 - INFO - Number of files: 1871
2025-06-09 13:30:27,078 - INFO - Mean: 44.06 KB
2025-06-09 13:30:27,078 - INFO - Standard Deviation: 87.91 KB
2025-06-09 13:30:27,078 - INFO - Maximum: 528.78 KB
2025-06-09 13:30:27,078 - INFO - Minimum: 20.0 B
2025-06-09 13:30:29,115 - INFO - PREFIX: fresh-plan
2025-06-09 13:30:29,115 - INFO - Number of files: 1816
2025-06-09 13:30:29,115 - INFO - Mean: 6.0 KB
2025-06-09 13:30:29,115 - INFO - Standard Deviation: 9.94 KB
2025-06-09 13:30:29,115 - INFO - Maximum: 45.24 KB
2025-06-09 13:30:29,115 - INFO - Minimum: 20.0 B
2025-06-09 13:30:31,390 - INFO - PREFIX: fresh-label
2025-06-09 13:30:31,390 - INFO - Number of files: 3526
2025-06-09 13:30:31,390 - INFO - Mean: 11.65 KB
2025-06-09 13:30:31,390 - INFO - Standard Deviation: 16.4 KB
2025-06-09 13:30:31,390 - INFO - Maximum: 105.83 KB
2025-06-09 13:30:31,390 - INFO - Minimum: 20.0 B
2025-06-09 13:30:34,515 - INFO - PREFIX: sales
2025-06-09 13:30:34,515 - INFO - Number of files: 9999
2025-06-09 13:30:34,515 - INFO - Mean: 6.22 KB
2025-06-09 13:30:34,515 - INFO - Standard Deviation: 7.18 KB
2025-06-09 13:30:34,515 - INFO - Maximum: 293.13 KB
2025-06-09 13:30:34,515 - INFO - Minimum: 8.0 B
2025-06-09 13:30:36,564 - INFO - PREFIX: ec-sales
2025-06-09 13:30:36,564 - INFO - Number of files: 85
2025-06-09 13:30:36,564 - INFO - Mean: 91.87 KB
2025-06-09 13:30:36,564 - INFO - Standard Deviation: 123.62 KB
2025-06-09 13:30:36,564 - INFO - Maximum: 756.5 KB
2025-06-09 13:30:36,564 - INFO - Minimum: 9.0 B
2025-06-09 13:44:30,640 - INFO - PREFIX: init-stock
2025-06-09 13:44:30,640 - INFO - Number of files: 7225
2025-06-09 13:44:30,640 - INFO - Mean: 263.68 KB
2025-06-09 13:44:30,640 - INFO - Standard Deviation: 220.38 KB
2025-06-09 13:44:30,640 - INFO - Maximum: 769.66 KB
2025-06-09 13:44:30,640 - INFO - Minimum: 70.0 B
2025-06-09 13:44:32,939 - INFO - PREFIX: stock-adjust
2025-06-09 13:44:32,939 - INFO - Number of files: 2293
2025-06-09 13:44:32,940 - INFO - Mean: 2.36 KB
2025-06-09 13:44:32,940 - INFO - Standard Deviation: 3.45 KB
2025-06-09 13:44:32,940 - INFO - Maximum: 26.98 KB
2025-06-09 13:44:32,940 - INFO - Minimum: 20.0 B
2025-06-09 13:44:34,697 - INFO - PREFIX: centerstock
2025-06-09 13:44:34,697 - INFO - Number of files: 180
2025-06-09 13:44:34,697 - INFO - Mean: 3.01 KB
2025-06-09 13:44:34,697 - INFO - Standard Deviation: 5.8 KB
2025-06-09 13:44:34,698 - INFO - Maximum: 26.36 KB
2025-06-09 13:44:34,698 - INFO - Minimum: 75.0 B
2025-06-09 13:44:37,708 - INFO - PREFIX: purchase
2025-06-09 13:44:37,709 - INFO - Number of files: 9999
2025-06-09 13:44:37,709 - INFO - Mean: 755.86 KB
2025-06-09 13:44:37,709 - INFO - Standard Deviation: 946.93 KB
2025-06-09 13:44:37,709 - INFO - Maximum: 10.28 MB
2025-06-09 13:44:37,709 - INFO - Minimum: 104.0 B
2025-06-09 13:44:39,688 - INFO - PREFIX: stocktaking
2025-06-09 13:44:39,689 - INFO - Number of files: 1299
2025-06-09 13:44:39,689 - INFO - Mean: 39.68 KB
2025-06-09 13:44:39,689 - INFO - Standard Deviation: 89.97 KB
2025-06-09 13:44:39,689 - INFO - Maximum: 406.58 KB
2025-06-09 13:44:39,689 - INFO - Minimum: 80.0 B
2025-06-09 13:44:41,785 - INFO - PREFIX: asn
2025-06-09 13:44:41,785 - INFO - Number of files: 3340
2025-06-09 13:44:41,785 - INFO - Mean: 34.71 KB
2025-06-09 13:44:41,785 - INFO - Standard Deviation: 64.63 KB
2025-06-09 13:44:41,785 - INFO - Maximum: 429.93 KB
2025-06-09 13:44:41,785 - INFO - Minimum: 20.0 B
2025-06-09 13:44:43,729 - INFO - PREFIX: order
2025-06-09 13:44:43,729 - INFO - Number of files: 1687
2025-06-09 13:44:43,729 - INFO - Mean: 90.94 KB
2025-06-09 13:44:43,730 - INFO - Standard Deviation: 136.17 KB
2025-06-09 13:44:43,730 - INFO - Maximum: 818.06 KB
2025-06-09 13:44:43,730 - INFO - Minimum: 20.0 B
2025-06-09 13:44:45,766 - INFO - PREFIX: lomos
2025-06-09 13:44:45,766 - INFO - Number of files: 1871
2025-06-09 13:44:45,766 - INFO - Mean: 44.06 KB
2025-06-09 13:44:45,766 - INFO - Standard Deviation: 87.91 KB
2025-06-09 13:44:45,766 - INFO - Maximum: 528.78 KB
2025-06-09 13:44:45,766 - INFO - Minimum: 20.0 B
2025-06-09 13:44:47,841 - INFO - PREFIX: fresh-plan
2025-06-09 13:44:47,841 - INFO - Number of files: 1816
2025-06-09 13:44:47,841 - INFO - Mean: 6.0 KB
2025-06-09 13:44:47,842 - INFO - Standard Deviation: 9.94 KB
2025-06-09 13:44:47,842 - INFO - Maximum: 45.24 KB
2025-06-09 13:44:47,842 - INFO - Minimum: 20.0 B
2025-06-09 13:44:50,070 - INFO - PREFIX: fresh-label
2025-06-09 13:44:50,070 - INFO - Number of files: 3526
2025-06-09 13:44:50,070 - INFO - Mean: 11.65 KB
2025-06-09 13:44:50,070 - INFO - Standard Deviation: 16.4 KB
2025-06-09 13:44:50,070 - INFO - Maximum: 105.83 KB
2025-06-09 13:44:50,070 - INFO - Minimum: 20.0 B
2025-06-09 13:44:53,242 - INFO - PREFIX: sales
2025-06-09 13:44:53,243 - INFO - Number of files: 9999
2025-06-09 13:44:53,243 - INFO - Mean: 6.22 KB
2025-06-09 13:44:53,243 - INFO - Standard Deviation: 7.18 KB
2025-06-09 13:44:53,243 - INFO - Maximum: 293.13 KB
2025-06-09 13:44:53,243 - INFO - Minimum: 8.0 B
2025-06-09 13:44:55,247 - INFO - PREFIX: ec-sales
2025-06-09 13:44:55,247 - INFO - Number of files: 85
2025-06-09 13:44:55,248 - INFO - Mean: 91.87 KB
2025-06-09 13:44:55,248 - INFO - Standard Deviation: 123.62 KB
2025-06-09 13:44:55,248 - INFO - Maximum: 756.5 KB
2025-06-09 13:44:55,248 - INFO - Minimum: 9.0 B
